\BOOKMARK [0][-]{bm:Title.0}{Title Page}{}% 1
\BOOKMARK [0][-]{bm:Title.0}{Title Page}{}% 2
\BOOKMARK [0][-]{bm:Accept.0}{Certificate Page}{}% 3
\BOOKMARK [0][-]{bm:Declaration.0}{Declaration}{}% 4
\BOOKMARK [0][-]{bm:Acknowledge.0}{Acknowledgments}{}% 5
\BOOKMARK [0][-]{bm:Abstract.0}{Abstract}{}% 6
\BOOKMARK [0][-]{section*.2}{Table of Contents}{}% 7
\BOOKMARK [0][-]{section*.4}{List of Figures}{}% 8
\BOOKMARK [0][-]{section*.6}{List of Tables}{}% 9
\BOOKMARK [0][-]{chapter.1}{1 Introduction}{}% 10
\BOOKMARK [1][-]{section.1.1}{1.1 Motivation}{chapter.1}% 11
\BOOKMARK [1][-]{section.1.2}{1.2 Objective of the thesis}{chapter.1}% 12
\BOOKMARK [1][-]{section.1.3}{1.3 Contribution of the thesis}{chapter.1}% 13
\BOOKMARK [2][-]{subsection.1.3.1}{1.3.1 First contribution}{section.1.3}% 14
\BOOKMARK [2][-]{subsection.1.3.2}{1.3.2 Second contribution}{section.1.3}% 15
\BOOKMARK [1][-]{section.1.4}{1.4 Organization of the thesis}{chapter.1}% 16
\BOOKMARK [0][-]{chapter.2}{2 Literature Review}{}% 17
\BOOKMARK [1][-]{section.2.1}{2.1 Deployment Models of Clouds}{chapter.2}% 18
\BOOKMARK [2][-]{subsection.2.1.1}{2.1.1 Cloud Service Categories}{section.2.1}% 19
\BOOKMARK [2][-]{subsection.2.1.2}{2.1.2 Security Concerns}{section.2.1}% 20
\BOOKMARK [1][-]{section.2.2}{2.2 Cloud Services Comparison}{chapter.2}% 21
\BOOKMARK [1][-]{section.2.3}{2.3 Type of Anomalies}{chapter.2}% 22
\BOOKMARK [2][-]{subsection.2.3.1}{2.3.1 Global anomaly}{section.2.3}% 23
\BOOKMARK [2][-]{subsection.2.3.2}{2.3.2 Contextual Anomaly}{section.2.3}% 24
\BOOKMARK [2][-]{subsection.2.3.3}{2.3.3 Collective Anomaly}{section.2.3}% 25
\BOOKMARK [2][-]{subsection.2.3.4}{2.3.4 Density-Based Anomaly Detection}{section.2.3}% 26
\BOOKMARK [2][-]{subsection.2.3.5}{2.3.5 Clustering-Based Anomaly Detection }{section.2.3}% 27
\BOOKMARK [2][-]{subsection.2.3.6}{2.3.6 Support Vector Machine-Based Anomaly Detection}{section.2.3}% 28
\BOOKMARK [2][-]{subsection.2.3.7}{2.3.7 Anomaly detection algorithms categories}{section.2.3}% 29
\BOOKMARK [0][-]{chapter.3}{3 asasassas}{}% 30
\BOOKMARK [1][-]{section.3.1}{3.1 kuttial}{chapter.3}% 31
\BOOKMARK [1][-]{section.3.2}{3.2 lwoqsas}{chapter.3}% 32
\BOOKMARK [1][-]{section.3.3}{3.3 dsdsdsdsds}{chapter.3}% 33
\BOOKMARK [2][-]{subsection.3.3.1}{3.3.1 Idsdssffs}{section.3.3}% 34
\BOOKMARK [2][-]{subsection.3.3.2}{3.3.2 middddsds}{section.3.3}% 35
\BOOKMARK [2][-]{subsection.3.3.3}{3.3.3 ddsdssfsfs}{section.3.3}% 36
\BOOKMARK [1][-]{section.3.4}{3.4 sfsffssasas}{chapter.3}% 37
\BOOKMARK [1][-]{section.3.5}{3.5 dsdssdaaadad }{chapter.3}% 38
\BOOKMARK [1][-]{section.3.6}{3.6 addddadada}{chapter.3}% 39
\BOOKMARK [2][-]{subsection.3.6.1}{3.6.1 aadadd}{section.3.6}% 40
\BOOKMARK [1][-]{section.3.7}{3.7 Detectinsdd}{chapter.3}% 41
\BOOKMARK [1][-]{section.3.8}{3.8 asaddaddaaa}{chapter.3}% 42
\BOOKMARK [0][-]{chapter.4}{4 PPPdsd}{}% 43
\BOOKMARK [1][-]{subsection.4.0.1}{4.0.1 Data Description}{chapter.4}% 44
