This is pdfTeX, Version 3.14159265-2.6-1.40.21 (MiKTeX 2.9.7300 64-bit) (preloaded format=pdflatex 2020.5.8)  18 MAY 2020 00:05
entering extended mode
**./thesis.tex
(thesis.tex
LaTeX2e <2020-02-02> patch level 2
L3 programming layer <2020-02-14> (iiitg.cls
Document Class: iiitg 

("C:\Users\Bipin Kumar Mishr\tapas data\installation\latex\miktex\tex/latex/bas
e\book.cls"
Document Class: book 2019/12/20 v1.4l Standard LaTeX document class

("C:\Users\Bipin Kumar Mishr\tapas data\installation\latex\miktex\tex/latex/bas
e\bk11.clo"
File: bk11.clo 2019/12/20 v1.4l Standard LaTeX file (size option)
)
\c@part=\count167
\c@chapter=\count168
\c@section=\count169
\c@subsection=\count170
\c@subsubsection=\count171
\c@paragraph=\count172
\c@subparagraph=\count173
\c@figure=\count174
\c@table=\count175
\abovecaptionskip=\skip47
\belowcaptionskip=\skip48
\bibindent=\dimen134
)
("C:\Users\Bipin Kumar Mishr\tapas data\installation\latex\miktex\tex/latex/too
ls\afterpage.sty"
Package: afterpage 2014/10/28 v1.08 After-Page Package (DPC)
\AP@output=\toks14
\AP@partial=\box45
\AP@footins=\box46
))
("C:\Users\Bipin Kumar Mishr\tapas data\installation\latex\miktex\tex/latex/mak
ecell\makecell.sty"
Package: makecell 2009/08/03 V0.1e Managing of Tab Column Heads and Cells

("C:\Users\Bipin Kumar Mishr\tapas data\installation\latex\miktex\tex/latex/too
ls\array.sty"
Package: array 2019/08/31 v2.4l Tabular extension package (FMi)
\col@sep=\dimen135
\ar@mcellbox=\box47
\extrarowheight=\dimen136
\NC@list=\toks15
\extratabsurround=\skip49
\backup@length=\skip50
\ar@cellbox=\box48
)
\rotheadsize=\dimen137
\c@nlinenum=\count176
\TeXr@lab=\toks16
)
("C:\Users\Bipin Kumar Mishr\tapas data\installation\latex\miktex\tex/latex/too
ls\tabularx.sty"
Package: tabularx 2020/01/15 v2.11c `tabularx' package (DPC)
\TX@col@width=\dimen138
\TX@old@table=\dimen139
\TX@old@col=\dimen140
\TX@target=\dimen141
\TX@delta=\dimen142
\TX@cols=\count177
\TX@ftn=\toks17
)
("C:\Users\Bipin Kumar Mishr\tapas data\installation\latex\miktex\tex/latex/too
ls\longtable.sty"
Package: longtable 2020/01/07 v4.13 Multi-page Table package (DPC)
\LTleft=\skip51
\LTright=\skip52
\LTpre=\skip53
\LTpost=\skip54
\LTchunksize=\count178
\LTcapwidth=\dimen143
\LT@head=\box49
\LT@firsthead=\box50
\LT@foot=\box51
\LT@lastfoot=\box52
\LT@cols=\count179
\LT@rows=\count180
\c@LT@tables=\count181
\c@LT@chunks=\count182
\LT@p@ftn=\toks18
)
("C:\Users\Bipin Kumar Mishr\tapas data\installation\latex\miktex\tex/latex/emp
typage\emptypage.sty"
Package: emptypage 2010/05/30 v1.2 Suppress page numbers and headings on empty 
pages
)
("C:\Users\Bipin Kumar Mishr\tapas data\installation\latex\miktex\tex/latex/cha
ngepage\changepage.sty"
Package: changepage 2009/10/20 v1.0c check page and change page layout
\c@cp@cntr=\count183
\cp@tempcnt=\count184
LaTeX Info: Redefining \ch@ngetext on input line 80.
)
("C:\Users\Bipin Kumar Mishr\tapas data\installation\latex\miktex\tex/latex/bas
e\ifthen.sty"
Package: ifthen 2014/09/29 v1.1c Standard LaTeX ifthen package (DPC)
)
("C:\Users\Bipin Kumar Mishr\tapas data\installation\latex\miktex\tex/latex/gra
phics\graphicx.sty"
Package: graphicx 2019/11/30 v1.2a Enhanced LaTeX Graphics (DPC,SPQR)

("C:\Users\Bipin Kumar Mishr\tapas data\installation\latex\miktex\tex/latex/gra
phics\keyval.sty"
Package: keyval 2014/10/28 v1.15 key=value parser (DPC)
\KV@toks@=\toks19
)
("C:\Users\Bipin Kumar Mishr\tapas data\installation\latex\miktex\tex/latex/gra
phics\graphics.sty"
Package: graphics 2019/11/30 v1.4a Standard LaTeX Graphics (DPC,SPQR)

("C:\Users\Bipin Kumar Mishr\tapas data\installation\latex\miktex\tex/latex/gra
phics\trig.sty"
Package: trig 2016/01/03 v1.10 sin cos tan (DPC)
)
("C:\Users\Bipin Kumar Mishr\tapas data\installation\latex\miktex\tex/latex/gra
phics-cfg\graphics.cfg"
File: graphics.cfg 2016/06/04 v1.11 sample graphics configuration
)
Package graphics Info: Driver file: pdftex.def on input line 105.

("C:\Users\Bipin Kumar Mishr\tapas data\installation\latex\miktex\tex/latex/gra
phics-def\pdftex.def"
File: pdftex.def 2018/01/08 v1.0l Graphics/color driver for pdftex
))
\Gin@req@height=\dimen144
\Gin@req@width=\dimen145
)
("C:\Users\Bipin Kumar Mishr\tapas data\installation\latex\miktex\tex/latex/pdf
pages\pdfpages.sty"
Package: pdfpages 2020/01/28 v0.5q Insert pages of external PDF documents (AM)

("C:\Users\Bipin Kumar Mishr\tapas data\installation\latex\miktex\tex/latex/too
ls\calc.sty"
Package: calc 2017/05/25 v4.3 Infix arithmetic (KKT,FJ)
\calc@Acount=\count185
\calc@Bcount=\count186
\calc@Adimen=\dimen146
\calc@Bdimen=\dimen147
\calc@Askip=\skip55
\calc@Bskip=\skip56
LaTeX Info: Redefining \setlength on input line 80.
LaTeX Info: Redefining \addtolength on input line 81.
\calc@Ccount=\count187
\calc@Cskip=\skip57
)
("C:\Users\Bipin Kumar Mishr\tapas data\installation\latex\miktex\tex/latex/eso
-pic\eso-pic.sty"
Package: eso-pic 2018/04/12 v2.0h eso-pic (RN)

("C:\Users\Bipin Kumar Mishr\tapas data\installation\latex\miktex\tex/generic/a
tbegshi\atbegshi.sty"
Package: atbegshi 2019/12/05 v1.19 At begin shipout hook (HO)

("C:\Users\Bipin Kumar Mishr\tapas data\installation\latex\miktex\tex/generic/i
nfwarerr\infwarerr.sty"
Package: infwarerr 2019/12/03 v1.5 Providing info/warning/error messages (HO)
)
("C:\Users\Bipin Kumar Mishr\tapas data\installation\latex\miktex\tex/generic/l
txcmds\ltxcmds.sty"
Package: ltxcmds 2019/12/15 v1.24 LaTeX kernel commands for general use (HO)
)
("C:\Users\Bipin Kumar Mishr\tapas data\installation\latex\miktex\tex/generic/i
ftex\iftex.sty"
Package: iftex 2019/11/07 v1.0c TeX engine tests
))
("C:\Users\Bipin Kumar Mishr\tapas data\installation\latex\miktex\tex/latex/xco
lor\xcolor.sty"
Package: xcolor 2016/05/11 v2.12 LaTeX color extensions (UK)

("C:\Users\Bipin Kumar Mishr\tapas data\installation\latex\miktex\tex/latex/gra
phics-cfg\color.cfg"
File: color.cfg 2016/01/02 v1.6 sample color configuration
)
Package xcolor Info: Driver file: pdftex.def on input line 225.
Package xcolor Info: Model `cmy' substituted by `cmy0' on input line 1348.
Package xcolor Info: Model `hsb' substituted by `rgb' on input line 1352.
Package xcolor Info: Model `RGB' extended on input line 1364.
Package xcolor Info: Model `HTML' substituted by `rgb' on input line 1366.
Package xcolor Info: Model `Hsb' substituted by `hsb' on input line 1367.
Package xcolor Info: Model `tHsb' substituted by `hsb' on input line 1368.
Package xcolor Info: Model `HSB' substituted by `hsb' on input line 1369.
Package xcolor Info: Model `Gray' substituted by `gray' on input line 1370.
Package xcolor Info: Model `wave' substituted by `hsb' on input line 1371.
))
\AM@pagewidth=\dimen148
\AM@pageheight=\dimen149

("C:\Users\Bipin Kumar Mishr\tapas data\installation\latex\miktex\tex/latex/pdf
pages\pppdftex.def"
File: pppdftex.def 2020/01/28 v0.5q Pdfpages driver for pdfTeX (AM)
)
\AM@pagebox=\box53
\AM@global@opts=\toks20
\AM@pagecnt=\count188
\AM@toc@title=\toks21
\c@AM@survey=\count189
\AM@templatesizebox=\box54
)
("C:\Users\Bipin Kumar Mishr\tapas data\installation\latex\miktex\tex/latex/jkn
appen\mathrsfs.sty"
Package: mathrsfs 1996/01/01 Math RSFS package v1.0 (jk)
\symrsfs=\mathgroup4
)
("C:\Users\Bipin Kumar Mishr\tapas data\installation\latex\miktex\tex/latex/xlt
abular\xltabular.sty"
Package: xltabular 2020/03/20 v0.2c `xltabular' package (hv,RN)

("C:\Users\Bipin Kumar Mishr\tapas data\installation\latex\miktex\tex/latex/lta
blex\ltablex.sty"
Package: ltablex 2014/08/13 v1.1 Modified tabularx
))
("C:\Users\Bipin Kumar Mishr\tapas data\installation\latex\miktex\tex/latex/flo
at\float.sty"
Package: float 2001/11/08 v1.3d Float enhancements (AL)
\c@float@type=\count190
\float@exts=\toks22
\float@box=\box55
\@float@everytoks=\toks23
\@floatcapt=\box56
)
("C:\Users\Bipin Kumar Mishr\tapas data\installation\latex\miktex\tex/latex/ary
dshln\arydshln.sty"
Package: arydshln 2019/02/21 v1.76 
\dashlinedash=\dimen150
\dashlinegap=\dimen151
\adl@box=\box57
\adl@height=\dimen152
\adl@heightsave=\dimen153
\adl@depth=\dimen154
\adl@depthsave=\dimen155
\adl@finaldepth=\dimen156
\adl@columns=\count191
\adl@ncol=\count192
\adl@currentcolumn=\count193
\adl@currentcolumnsave=\count194
\adl@totalheight=\count195
\adl@totalheightsave=\count196
\adl@dash=\count197
\adl@gap=\count198
\adl@cla=\count199
\adl@clb=\count266
\adl@everyvbox=\toks24
\adl@LTpagetotal=\dimen157
)
("C:\Users\Bipin Kumar Mishr\tapas data\installation\latex\miktex\tex/latex/ams
fonts\amsfonts.sty"
Package: amsfonts 2013/01/14 v3.01 Basic AMSFonts support
\@emptytoks=\toks25
\symAMSa=\mathgroup5
\symAMSb=\mathgroup6
LaTeX Font Info:    Redeclaring math symbol \hbar on input line 98.
LaTeX Font Info:    Overwriting math alphabet `\mathfrak' in version `bold'
(Font)                  U/euf/m/n --> U/euf/b/n on input line 106.
)
("C:\Users\Bipin Kumar Mishr\tapas data\installation\latex\miktex\tex/latex/ams
fonts\amssymb.sty"
Package: amssymb 2013/01/14 v3.01 AMS font symbols
)
("C:\Users\Bipin Kumar Mishr\tapas data\installation\latex\miktex\tex/latex/gra
phics\epsfig.sty"
Package: epsfig 2017/06/25 v1.7b (e)psfig emulation (SPQR)
\epsfxsize=\dimen158
\epsfysize=\dimen159
)
("C:\Users\Bipin Kumar Mishr\tapas data\installation\latex\miktex\tex/latex/eps
topdf-pkg\epstopdf.sty"
Package: epstopdf 2020-01-24 v2.11 Conversion with epstopdf on the fly (HO)

("C:\Users\Bipin Kumar Mishr\tapas data\installation\latex\miktex\tex/latex/grf
ext\grfext.sty"
Package: grfext 2019/12/03 v1.3 Manage graphics extensions (HO)

("C:\Users\Bipin Kumar Mishr\tapas data\installation\latex\miktex\tex/generic/k
vdefinekeys\kvdefinekeys.sty"
Package: kvdefinekeys 2019-12-19 v1.6 Define keys (HO)
))
("C:\Users\Bipin Kumar Mishr\tapas data\installation\latex\miktex\tex/latex/kvo
ptions\kvoptions.sty"
Package: kvoptions 2019/11/29 v3.13 Key value format for package options (HO)

("C:\Users\Bipin Kumar Mishr\tapas data\installation\latex\miktex\tex/generic/k
vsetkeys\kvsetkeys.sty"
Package: kvsetkeys 2019/12/15 v1.18 Key value parser (HO)
))
("C:\Users\Bipin Kumar Mishr\tapas data\installation\latex\miktex\tex/latex/pdf
texcmds\pdftexcmds.sty"
Package: pdftexcmds 2019/11/24 v0.31 Utility functions of pdfTeX for LuaTeX (HO
)
Package pdftexcmds Info: \pdf@primitive is available.
Package pdftexcmds Info: \pdf@ifprimitive is available.
Package pdftexcmds Info: \pdfdraftmode found.
)
("C:\Users\Bipin Kumar Mishr\tapas data\installation\latex\miktex\tex/latex/eps
topdf-pkg\epstopdf-base.sty"
Package: epstopdf-base 2020-01-24 v2.11 Base part for package epstopdf
Package epstopdf-base Info: Redefining graphics rule for `.eps' on input line 4
85.
Package grfext Info: Graphics extension search list:
(grfext)             [.pdf,.png,.jpg,.mps,.jpeg,.jbig2,.jb2,.PDF,.PNG,.JPG,.JPE
G,.JBIG2,.JB2,.eps]
(grfext)             \AppendGraphicsExtensions on input line 504.
))
("C:\Users\Bipin Kumar Mishr\tapas data\installation\latex\miktex\tex/latex/too
ls\enumerate.sty"
Package: enumerate 2015/07/23 v3.00 enumerate extensions (DPC)
\@enLab=\toks26
)
("C:\Users\Bipin Kumar Mishr\tapas data\installation\latex\miktex\tex/latex/sub
fig\subfig.sty"
Package: subfig 2005/06/28 ver: 1.3 subfig package

("C:\Users\Bipin Kumar Mishr\tapas data\installation\latex\miktex\tex/latex/cap
tion\caption.sty"
Package: caption 2020/01/03 v3.4h Customizing captions (AR)

("C:\Users\Bipin Kumar Mishr\tapas data\installation\latex\miktex\tex/latex/cap
tion\caption3.sty"
Package: caption3 2020/01/03 v1.8h caption3 kernel (AR)
Package caption3 Info: TeX engine: e-TeX on input line 61.
\captionmargin=\dimen160
\captionmargin@=\dimen161
\captionwidth=\dimen162
\caption@tempdima=\dimen163
\caption@indent=\dimen164
\caption@parindent=\dimen165
\caption@hangindent=\dimen166
Package caption Info: Standard document class detected.
)
\c@caption@flags=\count267
\c@continuedfloat=\count268
Package caption Info: float package is loaded.
Package caption Info: longtable package is loaded.

("C:\Users\Bipin Kumar Mishr\tapas data\installation\latex\miktex\tex/latex/cap
tion\ltcaption.sty"
Package: ltcaption 2018/08/26 v1.4a longtable captions (AR)
))
\c@KVtest=\count269
\sf@farskip=\skip58
\sf@captopadj=\dimen167
\sf@capskip=\skip59
\sf@nearskip=\skip60
\c@subfigure=\count270
\c@subfigure@save=\count271
\c@lofdepth=\count272
\c@subtable=\count273
\c@subtable@save=\count274
\c@lotdepth=\count275
\sf@top=\skip61
\sf@bottom=\skip62
)
("C:\Users\Bipin Kumar Mishr\tapas data\installation\latex\miktex\tex/latex/mul
tirow\multirow.sty"
Package: multirow 2019/05/31 v2.5 Span multiple rows of a table
\multirow@colwidth=\skip63
\multirow@cntb=\count276
\multirow@dima=\skip64
\bigstrutjot=\dimen168
)
("C:\Users\Bipin Kumar Mishr\tapas data\installation\latex\miktex\tex/latex/gra
phics\rotating.sty"
Package: rotating 2016/08/11 v2.16d rotated objects in LaTeX
\c@r@tfl@t=\count277
\rotFPtop=\skip65
\rotFPbot=\skip66
\rot@float@box=\box58
\rot@mess@toks=\toks27
)
("C:\Users\Bipin Kumar Mishr\tapas data\installation\latex\miktex\tex/latex/psn
fss\times.sty"
Package: times 2005/04/12 PSNFSS-v9.2a (SPQR) 
)
("C:\Users\Bipin Kumar Mishr\tapas data\installation\latex\miktex\tex/latex/gra
phics\lscape.sty"
Package: lscape 2000/10/22 v3.01 Landscape Pages (DPC)
)
("C:\Users\Bipin Kumar Mishr\tapas data\installation\latex\miktex\tex/latex/foo
tmisc\footmisc.sty"
Package: footmisc 2011/06/06 v5.5b a miscellany of footnote facilities
\FN@temptoken=\toks28
\footnotemargin=\dimen169
\c@pp@next@reset=\count278
Package footmisc Info: Declaring symbol style bringhurst on input line 855.
Package footmisc Info: Declaring symbol style chicago on input line 863.
Package footmisc Info: Declaring symbol style wiley on input line 872.
Package footmisc Info: Declaring symbol style lamport-robust on input line 883.

Package footmisc Info: Declaring symbol style lamport* on input line 903.
Package footmisc Info: Declaring symbol style lamport*-robust on input line 924
.
)
("C:\Users\Bipin Kumar Mishr\tapas data\installation\latex\miktex\tex/latex/boo
ktabs\booktabs.sty"
Package: booktabs 2020/01/12 v1.61803398 Publication quality tables
\heavyrulewidth=\dimen170
\lightrulewidth=\dimen171
\cmidrulewidth=\dimen172
\belowrulesep=\dimen173
\belowbottomsep=\dimen174
\aboverulesep=\dimen175
\abovetopsep=\dimen176
\cmidrulesep=\dimen177
\cmidrulekern=\dimen178
\defaultaddspace=\dimen179
\@cmidla=\count279
\@cmidlb=\count280
\@aboverulesep=\dimen180
\@belowrulesep=\dimen181
\@thisruleclass=\count281
\@lastruleclass=\count282
\@thisrulewidth=\dimen182
)
("C:\Users\Bipin Kumar Mishr\tapas data\installation\latex\miktex\tex/latex/col
ortbl\colortbl.sty"
Package: colortbl 2020/01/04 v1.0e Color table columns (DPC)
\everycr=\toks29
\minrowclearance=\skip67
)
("C:\Users\Bipin Kumar Mishr\tapas data\installation\latex\miktex\tex/latex/thr
eeparttable\threeparttable.sty"
Package: threeparttable 2003/06/13  v 3.0
\@tempboxb=\box59
)
("C:\Users\Bipin Kumar Mishr\tapas data\installation\latex\miktex\tex/latex/alg
orithms\algorithm.sty"
Package: algorithm 2009/08/24 v0.1 Document Style `algorithm' - floating enviro
nment
\@float@every@algorithm=\toks30
\c@algorithm=\count283
)
("C:\Users\Bipin Kumar Mishr\tapas data\installation\latex\miktex\tex/latex/alg
orithmicx\algpseudocode.sty"
Package: algpseudocode 

("C:\Users\Bipin Kumar Mishr\tapas data\installation\latex\miktex\tex/latex/alg
orithmicx\algorithmicx.sty"
Package: algorithmicx 2005/04/27 v1.2 Algorithmicx

Document Style algorithmicx 1.2 - a greatly improved `algorithmic' style
\c@ALG@line=\count284
\c@ALG@rem=\count285
\c@ALG@nested=\count286
\ALG@tlm=\skip68
\ALG@thistlm=\skip69
\c@ALG@Lnr=\count287
\c@ALG@blocknr=\count288
\c@ALG@storecount=\count289
\c@ALG@tmpcounter=\count290
\ALG@tmplength=\skip70
)
Document Style - pseudocode environments for use with the `algorithmicx' style
)
("C:\Users\Bipin Kumar Mishr\tapas data\installation\latex\miktex\tex/latex/ams
math\amsmath.sty"
Package: amsmath 2020/01/20 v2.17e AMS math features
\@mathmargin=\skip71

For additional information on amsmath, use the `?' option.

("C:\Users\Bipin Kumar Mishr\tapas data\installation\latex\miktex\tex/latex/ams
math\amstext.sty"
Package: amstext 2000/06/29 v2.01 AMS text

("C:\Users\Bipin Kumar Mishr\tapas data\installation\latex\miktex\tex/latex/ams
math\amsgen.sty"
File: amsgen.sty 1999/11/30 v2.0 generic functions
\@emptytoks=\toks31
\ex@=\dimen183
))
("C:\Users\Bipin Kumar Mishr\tapas data\installation\latex\miktex\tex/latex/ams
math\amsbsy.sty"
Package: amsbsy 1999/11/29 v1.2d Bold Symbols
\pmbraise@=\dimen184
)
("C:\Users\Bipin Kumar Mishr\tapas data\installation\latex\miktex\tex/latex/ams
math\amsopn.sty"
Package: amsopn 2016/03/08 v2.02 operator names
)
\inf@bad=\count291
LaTeX Info: Redefining \frac on input line 227.
\uproot@=\count292
\leftroot@=\count293
LaTeX Info: Redefining \overline on input line 389.
\classnum@=\count294
\DOTSCASE@=\count295
LaTeX Info: Redefining \ldots on input line 486.
LaTeX Info: Redefining \dots on input line 489.
LaTeX Info: Redefining \cdots on input line 610.
\Mathstrutbox@=\box60
\strutbox@=\box61
\big@size=\dimen185
LaTeX Font Info:    Redeclaring font encoding OML on input line 733.
LaTeX Font Info:    Redeclaring font encoding OMS on input line 734.
\macc@depth=\count296
\c@MaxMatrixCols=\count297
\dotsspace@=\muskip16
\c@parentequation=\count298
\dspbrk@lvl=\count299
\tag@help=\toks32
\row@=\count300
\column@=\count301
\maxfields@=\count302
\andhelp@=\toks33
\eqnshift@=\dimen186
\alignsep@=\dimen187
\tagshift@=\dimen188
\tagwidth@=\dimen189
\totwidth@=\dimen190
\lineht@=\dimen191
\@envbody=\toks34
\multlinegap=\skip72
\multlinetaggap=\skip73
\mathdisplay@stack=\toks35
LaTeX Info: Redefining \[ on input line 2859.
LaTeX Info: Redefining \] on input line 2860.
)
("C:\Users\Bipin Kumar Mishr\tapas data\installation\latex\miktex\tex/latex/ams
cls\amsthm.sty"
Package: amsthm 2017/10/31 v2.20.4
\thm@style=\toks36
\thm@bodyfont=\toks37
\thm@headfont=\toks38
\thm@notefont=\toks39
\thm@headpunct=\toks40
\thm@preskip=\skip74
\thm@postskip=\skip75
\thm@headsep=\skip76
\dth@everypar=\toks41
)
("C:\Users\Bipin Kumar Mishr\tapas data\installation\latex\miktex\tex/latex/geo
metry\geometry.sty"
Package: geometry 2020/01/02 v5.9 Page Geometry

("C:\Users\Bipin Kumar Mishr\tapas data\installation\latex\miktex\tex/generic/i
ftex\ifvtex.sty"
Package: ifvtex 2019/10/25 v1.7 ifvtex legacy package. Use iftex instead.
)
\Gm@cnth=\count303
\Gm@cntv=\count304
\c@Gm@tempcnt=\count305
\Gm@bindingoffset=\dimen192
\Gm@wd@mp=\dimen193
\Gm@odd@mp=\dimen194
\Gm@even@mp=\dimen195
\Gm@layoutwidth=\dimen196
\Gm@layoutheight=\dimen197
\Gm@layouthoffset=\dimen198
\Gm@layoutvoffset=\dimen199
\Gm@dimlist=\toks42

("C:\Users\Bipin Kumar Mishr\tapas data\installation\latex\miktex\tex/latex/geo
metry\geometry.cfg"))
("C:\Users\Bipin Kumar Mishr\tapas data\installation\latex\miktex\tex/latex/was
\gensymb.sty"
Package: gensymb 2003/07/02 v1.0 (WaS)
)
("C:\Users\Bipin Kumar Mishr\tapas data\installation\latex\miktex\tex/latex/fan
cyhdr\fancyhdr.sty"
Package: fancyhdr 2019/01/31 v3.10 Extensive control of page headers and footer
s
\f@nch@headwidth=\skip77
\f@nch@O@elh=\skip78
\f@nch@O@erh=\skip79
\f@nch@O@olh=\skip80
\f@nch@O@orh=\skip81
\f@nch@O@elf=\skip82
\f@nch@O@erf=\skip83
\f@nch@O@olf=\skip84
\f@nch@O@orf=\skip85
)

Package Fancyhdr Warning: \fancyhead's `E' option without twoside option is use
less on input line 100.


Package Fancyhdr Warning: \fancyhead's `E' option without twoside option is use
less on input line 101.


("C:\Users\Bipin Kumar Mishr\tapas data\installation\latex\miktex\tex/latex/cit
e\cite.sty"
LaTeX Info: Redefining \cite on input line 302.
LaTeX Info: Redefining \nocite on input line 332.
Package: cite 2015/02/27  v 5.5
)
("C:\Users\Bipin Kumar Mishr\tapas data\installation\latex\miktex\tex/latex/bas
e\makeidx.sty"
Package: makeidx 2014/09/29 v1.0m Standard LaTeX package
)
\@indexfile=\write3
\openout3 = `thesis.idx'.


Writing index file thesis.idx

("C:\Users\Bipin Kumar Mishr\tapas data\installation\latex\miktex\tex/latex/url
\url.sty"
\Urlmuskip=\muskip17
Package: url 2013/09/16  ver 3.4  Verb mode for urls, etc.
)
("C:\Users\Bipin Kumar Mishr\tapas data\installation\latex\miktex\tex/latex/pro
gram\program.sty"
\@gtempa=\dimen256
\@gtempa=\dimen257
\@gtempa=\dimen258
\@gtempa=\dimen259
\@gtempa=\dimen260
\@gtempa=\dimen261
\@gtempa=\dimen262
\@gtempa=\dimen263
\@gtempa=\dimen264
\@gtempa=\dimen265
\@gtempa=\dimen266
\@gtempa=\dimen267
\@gtempa=\dimen268
\@gtempa=\dimen269
\@gtempa=\dimen270
\@gtempa=\dimen271
\@gtempa=\dimen272
\@gtempa=\dimen273
\@gtempa=\dimen274
\@gtempa=\dimen275
\@gtempa=\dimen276
\@gtempa=\dimen277
\@gtempa=\dimen278
\@gtempa=\dimen279
\@gtempa=\dimen280
\@gtempa=\dimen281
\@gtempa=\dimen282
\@gtempa=\dimen283
\@gtempa=\dimen284
\@gtempa=\dimen285
\@gtempa=\dimen286
\@gtempa=\dimen287
\@gtempa=\dimen288
\@gtempa=\dimen289
\@gtempa=\dimen290
\@gtempa=\dimen291
\@gtempa=\dimen292
\@gtempa=\dimen293
\@gtempa=\dimen294
\@gtempa=\dimen295
\@gtempa=\dimen296
\@gtempa=\dimen297
\@gtempa=\dimen298
\@gtempa=\dimen299
\@gtempa=\dimen300
\@gtempa=\dimen301
\@gtempa=\dimen302
\@gtempa=\dimen303
\@gtempa=\dimen304
\@gtempa=\dimen305
\c@programline=\count306
\old@nxttabmar=\count307
\symeulerletters=\mathgroup7
\powersetbox=\box62
LaTeX Font Info:    Trying to load font information for U+rsfs on input line 84
1.

("C:\Users\Bipin Kumar Mishr\tapas data\installation\latex\miktex\tex/latex/jkn
appen\ursfs.fd"
File: ursfs.fd 1998/03/24 rsfs font definition file (jk)
)
LaTeX Font Info:    Trying to load font information for U+msa on input line 841
.

("C:\Users\Bipin Kumar Mishr\tapas data\installation\latex\miktex\tex/latex/ams
fonts\umsa.fd"
File: umsa.fd 2013/01/14 v3.01 AMS symbols A
)
LaTeX Font Info:    Trying to load font information for U+msb on input line 841
.

("C:\Users\Bipin Kumar Mishr\tapas data\installation\latex\miktex\tex/latex/ams
fonts\umsb.fd"
File: umsb.fd 2013/01/14 v3.01 AMS symbols B
)
LaTeX Font Info:    Trying to load font information for U+eur on input line 841
.

("C:\Users\Bipin Kumar Mishr\tapas data\installation\latex\miktex\tex/latex/ams
fonts\ueur.fd"
File: ueur.fd 2013/01/14 v3.01 Euler Roman
))
("C:\Users\Bipin Kumar Mishr\tapas data\installation\latex\miktex\tex/latex/com
ment\comment.sty"
\CommentStream=\write4
 Excluding comment 'comment')
("C:\Users\Bipin Kumar Mishr\tapas data\installation\latex\miktex\tex/latex/bas
e\fontenc.sty"
Package: fontenc 2020/02/11 v2.0o Standard LaTeX package
LaTeX Font Info:    Trying to load font information for T1+ptm on input line 11
2.

("C:\Users\Bipin Kumar Mishr\tapas data\installation\latex\miktex\tex/latex/psn
fss\t1ptm.fd"
File: t1ptm.fd 2001/06/04 font definitions for T1/ptm.
))
\c@thm=\count308

("C:\Users\Bipin Kumar Mishr\tapas data\installation\latex\miktex\tex/latex/l3b
ackend\l3backend-pdfmode.def"
File: l3backend-pdfmode.def 2020-02-03 L3 backend support: PDF mode
\l__kernel_color_stack_int=\count309
\l__pdf_internal_box=\box63
) (thesis.aux

LaTeX Warning: Label `fig:my_label' multiply defined.


LaTeX Warning: Label `fig:my_label' multiply defined.


LaTeX Warning: Label `fig:my_label' multiply defined.


LaTeX Warning: Label `fig:my_label' multiply defined.


LaTeX Warning: Label `fig:my_label' multiply defined.


LaTeX Warning: Label `fig:my_label' multiply defined.


LaTeX Warning: Label `fig:my_label' multiply defined.

)
\openout1 = `thesis.aux'.

LaTeX Font Info:    Checking defaults for OML/cmm/m/it on input line 307.
LaTeX Font Info:    ... okay on input line 307.
LaTeX Font Info:    Checking defaults for OMS/cmsy/m/n on input line 307.
LaTeX Font Info:    ... okay on input line 307.
LaTeX Font Info:    Checking defaults for OT1/cmr/m/n on input line 307.
LaTeX Font Info:    ... okay on input line 307.
LaTeX Font Info:    Checking defaults for T1/cmr/m/n on input line 307.
LaTeX Font Info:    ... okay on input line 307.
LaTeX Font Info:    Checking defaults for TS1/cmr/m/n on input line 307.
LaTeX Font Info:    ... okay on input line 307.
LaTeX Font Info:    Checking defaults for OMX/cmex/m/n on input line 307.
LaTeX Font Info:    ... okay on input line 307.
LaTeX Font Info:    Checking defaults for U/cmr/m/n on input line 307.
LaTeX Font Info:    ... okay on input line 307.

("C:\Users\Bipin Kumar Mishr\tapas data\installation\latex\miktex\tex/context/b
ase/mkii\supp-pdf.mkii"
[Loading MPS to PDF converter (version 2006.09.02).]
\scratchcounter=\count310
\scratchdimen=\dimen306
\scratchbox=\box64
\nofMPsegments=\count311
\nofMParguments=\count312
\everyMPshowfont=\toks43
\MPscratchCnt=\count313
\MPscratchDim=\dimen307
\MPnumerator=\count314
\makeMPintoPDFobject=\count315
\everyMPtoPDFconversion=\toks44
)
\AtBeginShipoutBox=\box65

("C:\Users\Bipin Kumar Mishr\tapas data\installation\latex\miktex\tex/latex/pdf
lscape\pdflscape.sty"
Package: pdflscape 2019/12/05 v0.12 Display of landscape pages in PDF (HO)
Package pdflscape Info: Auto-detected driver: pdftex on input line 81.
)
Package caption Info: Begin \AtBeginDocument code.
Package caption Info: subfig package v1.3 is loaded.
Package caption Info: rotating package is loaded.
Package caption Info: threeparttable package is loaded.
Package caption Info: End \AtBeginDocument code.

*geometry* driver: auto-detecting
*geometry* detected driver: pdftex
*geometry* verbose mode - [ preamble ] result:
* driver: pdftex
* paper: <default>
* layout: <same size as paper>
* layoutoffset:(h,v)=(0.0pt,0.0pt)
* modes: 
* h-part:(L,W,R)=(89.62709pt, 418.25368pt, 89.6271pt)
* v-part:(T,H,B)=(101.40665pt, 591.5302pt, 152.11pt)
* \paperwidth=597.50787pt
* \paperheight=845.04684pt
* \textwidth=418.25368pt
* \textheight=591.5302pt
* \oddsidemargin=17.3571pt
* \evensidemargin=17.3571pt
* \topmargin=2.03543pt
* \headheight=9.03374pt
* \headsep=18.06749pt
* \topskip=11.0pt
* \footskip=18.06749pt
* \marginparwidth=72.0pt
* \marginparsep=0.0pt
* \columnsep=10.0pt
* \skip\footins=10.0pt plus 4.0pt minus 2.0pt
* \hoffset=0.0pt
* \voffset=0.0pt
* \mag=1000
* \@twocolumnfalse
* \@twosidefalse
* \@mparswitchfalse
* \@reversemarginfalse
* (1in=72.27pt=25.4mm, 1cm=28.453pt)

LaTeX Info: Redefining \celsius on input line 307.
Package gensymb Info: Faking symbols for \degree and \celsius on input line 307
.

Package gensymb Warning: Not defining \perthousand.

LaTeX Info: Redefining \ohm on input line 307.
Package gensymb Info: Using \Omega for \ohm on input line 307.

Package gensymb Warning: Not defining \micro.

[1


{C:/Users/Bipin Kumar Mishr/AppData/Local/MiKTeX/2.9/pdftex/config/pdftex.map}]
Package epstopdf Info: Source file: <iiitglogo.eps>
(epstopdf)                    date: 2020-05-11 00:12:24
(epstopdf)                    size: 263501 bytes
(epstopdf)             Output file: <iiitglogo-eps-converted-to.pdf>
(epstopdf)                    date: 2020-05-11 00:12:24
(epstopdf)                    size: 6919 bytes
(epstopdf)             Command: <epstopdf --outfile=iiitglogo-eps-converted-to.
pdf iiitglogo.eps>
(epstopdf)             \includegraphics on input line 314.
Package epstopdf Info: Output file is already uptodate.
<iiitglogo-eps-converted-to.pdf, id=7, 83.31125pt x 79.29625pt>
File: iiitglogo-eps-converted-to.pdf Graphic file (type pdf)
<use iiitglogo-eps-converted-to.pdf>
Package pdftex.def Info: iiitglogo-eps-converted-to.pdf  used on input line 314
.
(pdftex.def)             Requested size: 86.72377pt x 82.54962pt.
LaTeX Font Info:    Trying to load font information for TS1+ptm on input line 3
14.

("C:\Users\Bipin Kumar Mishr\tapas data\installation\latex\miktex\tex/latex/psn
fss\ts1ptm.fd"
File: ts1ptm.fd 2001/06/04 font definitions for TS1/ptm.
) [2


 <./iiitglogo-eps-converted-to.pdf>] [3


] [4


]

Package Fancyhdr Warning: \headheight is too small (9.03374pt): 
Make it at least 13.59999pt.
We now make it that large for the rest of the document.
This may cause the page layout to be inconsistent, however.

[5] (texfiles/acknowledgments.tex) [6


] (texfiles/abstract.tex) [7


]
(texfiles/abrreviation.tex) [8




] (thesis.toc [9







])
\tf@toc=\write5
\openout5 = `thesis.toc'.

 [10] (thesis.lof)
\tf@lof=\write6
\openout6 = `thesis.lof'.

 [11



]
(thesis.lot)
\tf@lot=\write7
\openout7 = `thesis.lot'.

 [12



] (texfiles/chapter1.tex
Chapter 1.
[1






] [2]
Underfull \hbox (badness 10000) in paragraph at lines 15--16

 []


Underfull \hbox (badness 10000) in paragraph at lines 19--27

 []


Underfull \hbox (badness 10000) in paragraph at lines 31--36

 []

[3]) [4] (texfiles/chapter2.tex
Chapter 2.

Underfull \hbox (badness 10000) in paragraph at lines 3--4

 []


Underfull \hbox (badness 10000) in paragraph at lines 7--12

 []

[5



] [6]
Underfull \hbox (badness 10000) in paragraph at lines 15--16

 []

[7] [8] [9] [10]
<texfiles/images/cloud services comparison.png, id=80, 604.2575pt x 330.23375pt
>
File: texfiles/images/cloud services comparison.png Graphic file (type png)
<use texfiles/images/cloud services comparison.png>
Package pdftex.def Info: texfiles/images/cloud services comparison.png  used on
 input line 53.
(pdftex.def)             Requested size: 284.52756pt x 155.49709pt.
 [11 <./texfiles/images/cloud services comparison.png>]
<texfiles/images/image1.jpg, id=86, 472.01344pt x 243.91125pt>
File: texfiles/images/image1.jpg Graphic file (type jpg)
<use texfiles/images/image1.jpg>
Package pdftex.def Info: texfiles/images/image1.jpg  used on input line 65.
(pdftex.def)             Requested size: 284.52756pt x 147.02896pt.
<texfiles/images/global outlier.jpg, id=87, 230.36063pt x 108.405pt>
File: texfiles/images/global outlier.jpg Graphic file (type jpg)
<use texfiles/images/global outlier.jpg>
Package pdftex.def Info: texfiles/images/global outlier.jpg  used on input line
 76.
(pdftex.def)             Requested size: 284.52756pt x 133.90471pt.
<texfiles/images/contextual outlier.png, id=88, 490.08093pt x 288.3272pt>
File: texfiles/images/contextual outlier.png Graphic file (type png)
<use texfiles/images/contextual outlier.png>
Package pdftex.def Info: texfiles/images/contextual outlier.png  used on input 
line 87.
(pdftex.def)             Requested size: 284.52756pt x 167.39706pt.

[12 <./texfiles/images/image1.jpg>]
<texfiles/images/collective anomaly.jpg, id=92, 423.08063pt x 240.9pt>
File: texfiles/images/collective anomaly.jpg Graphic file (type jpg)
<use texfiles/images/collective anomaly.jpg>
Package pdftex.def Info: texfiles/images/collective anomaly.jpg  used on input 
line 99.
(pdftex.def)             Requested size: 284.52756pt x 162.01234pt.
 [13 <./texfiles/images/global outlier.jpg> <./texfiles/images/contextual outli
er.png>]
<texfiles/images/anomaly-detection-algorithms.jpg, id=98, 810.77907pt x 429.103
12pt>
File: texfiles/images/anomaly-detection-algorithms.jpg Graphic file (type jpg)
<use texfiles/images/anomaly-detection-algorithms.jpg>
Package pdftex.def Info: texfiles/images/anomaly-detection-algorithms.jpg  used
 on input line 109.
(pdftex.def)             Requested size: 284.52756pt x 150.58774pt.
 [14 <./texfiles/images/collective anomaly.jpg> <./texfiles/images/anomaly-dete
ction-algorithms.jpg>]
<texfiles/images/2 variables.png, id=102, 1056.19594pt x 544.28343pt>
File: texfiles/images/2 variables.png Graphic file (type png)
<use texfiles/images/2 variables.png>
Package pdftex.def Info: texfiles/images/2 variables.png  used on input line 13
2.
(pdftex.def)             Requested size: 284.52756pt x 146.61798pt.

Underfull \hbox (badness 10000) in paragraph at lines 138--139

 []

[15]
Underfull \hbox (badness 10000) in paragraph at lines 141--142

 []

[16 <./texfiles/images/2 variables.png>] [17] Excluding 'comment' comment.
Excluding 'comment' comment.
Underfull \hbox (badness 10000) in paragraph at lines 220--220
[]\T1/ptm/m/n/10.95 Good for cre-at-ing
 []


Underfull \hbox (badness 10000) in paragraph at lines 220--220
\T1/ptm/m/n/10.95 mod-els that in-clude
 []


Underfull \hbox (badness 2799) in paragraph at lines 220--220
[]|\T1/ptm/m/n/10.95 Large Stor-age re-quire-ments
 []


Underfull \hbox (badness 10000) in paragraph at lines 220--220
\T1/ptm/m/n/10.95 Com-pu-ta-tion-ally Ex-pen-sive
 []


Underfull \hbox (badness 3333) in paragraph at lines 220--220
\T1/ptm/m/n/10.95 Sen-si-tive to the choice of
 []


Underfull \hbox (badness 5345) in paragraph at lines 220--220
\T1/ptm/m/n/10.95 the sim-i-lar-ity func-tion for
 []


Underfull \hbox (badness 3199) in paragraph at lines 220--220
\T1/ptm/m/n/10.95 Only work with nu-mer-i-cal
 []


Underfull \hbox (badness 10000) in paragraph at lines 220--220
[]|\T1/ptm/m/n/10.95 Find the best sep-a-ra-tion
 []


Underfull \hbox (badness 4569) in paragraph at lines 220--220
\T1/ptm/m/n/10.95 hyper-plane.Deal with very
 []


Underfull \hbox (badness 10000) in paragraph at lines 220--220
\T1/ptm/m/n/10.95 Can learn very elab-o-rate
 []


Underfull \hbox (badness 5741) in paragraph at lines 220--220
[]|\T1/ptm/m/n/10.95 Require both pos-i-tive and
 []


Underfull \hbox (badness 10000) in paragraph at lines 220--220
\T1/ptm/m/n/10.95 Some nu-mer-i-cal sta-bil-ity
 []


Underfull \hbox (badness 5105) in paragraph at lines 220--220
\T1/ptm/m/n/10.95 prob-lems.Need to se-lect a
 []

) [18] [19] (texfiles/chapter3.tex
Chapter 3.
<texfiles/images/proxy-architecture.png, id=120, 743.02594pt x 673.01437pt>
File: texfiles/images/proxy-architecture.png Graphic file (type png)
<use texfiles/images/proxy-architecture.png>
Package pdftex.def Info: texfiles/images/proxy-architecture.png  used on input 
line 15.
(pdftex.def)             Requested size: 284.52756pt x 257.71983pt.
[20



]
Underfull \hbox (badness 10000) in paragraph at lines 22--24

 []

[21 <./texfiles/images/proxy-architecture.png>]
Underfull \hbox (badness 10000) in paragraph at lines 28--29

 []


Underfull \hbox (badness 10000) in paragraph at lines 30--32

 []

[22] [23]
<texfiles/images/gd.jpg, id=134, 960.58875pt x 398.23781pt>
File: texfiles/images/gd.jpg Graphic file (type jpg)
<use texfiles/images/gd.jpg>
Package pdftex.def Info: texfiles/images/gd.jpg  used on input line 41.
(pdftex.def)             Requested size: 426.79134pt x 176.93878pt.

Overfull \hbox (8.53766pt too wide) in paragraph at lines 41--42
 [] 
 []

[24 <./texfiles/images/gd.jpg>]
Underfull \hbox (badness 10000) in paragraph at lines 54--55

 []

<texfiles/images/security1.png, id=138, 539.01375pt x 203.76125pt>
File: texfiles/images/security1.png Graphic file (type png)
<use texfiles/images/security1.png>
Package pdftex.def Info: texfiles/images/security1.png  used on input line 58.
(pdftex.def)             Requested size: 398.33858pt x 150.58508pt.
<texfiles/images/hypervisor1.jpg, id=139, 307.90031pt x 257.46187pt>
File: texfiles/images/hypervisor1.jpg Graphic file (type jpg)
<use texfiles/images/hypervisor1.jpg>
Package pdftex.def Info: texfiles/images/hypervisor1.jpg  used on input line 69
.
(pdftex.def)             Requested size: 426.82443pt x 170.71892pt.

Overfull \hbox (8.57076pt too wide) in paragraph at lines 69--70
 [] 
 []

[25 <./texfiles/images/security1.png>]
Underfull \hbox (badness 10000) in paragraph at lines 94--99

 []

[26 <./texfiles/images/hypervisor1.jpg>] [27]
Underfull \hbox (badness 10000) in paragraph at lines 105--106

 []

) [28] (texfiles/chapter4.tex
Chapter 4.

Underfull \hbox (badness 10000) in paragraph at lines 10--11

 []

<texfiles/images/code1.jpg, id=154, 822.07124pt x 209.28188pt>
File: texfiles/images/code1.jpg Graphic file (type jpg)
<use texfiles/images/code1.jpg>
Package pdftex.def Info: texfiles/images/code1.jpg  used on input line 21.
(pdftex.def)             Requested size: 426.79134pt x 108.65155pt.

Overfull \hbox (8.53766pt too wide) in paragraph at lines 21--22
 [][] 
 []


Underfull \hbox (badness 10000) in paragraph at lines 12--24

 []

[29



]
<texfiles/images/code2.jpg, id=158, 819.8128pt x 213.04594pt>
File: texfiles/images/code2.jpg Graphic file (type jpg)
<use texfiles/images/code2.jpg>
Package pdftex.def Info: texfiles/images/code2.jpg  used on input line 28.
(pdftex.def)             Requested size: 426.79134pt x 110.91455pt.

Overfull \hbox (8.53766pt too wide) in paragraph at lines 28--29
 [][] 
 []

<texfiles/images/code3.jpg, id=159, 288.3272pt x 310.91156pt>
File: texfiles/images/code3.jpg Graphic file (type jpg)
<use texfiles/images/code3.jpg>
Package pdftex.def Info: texfiles/images/code3.jpg  used on input line 38.
(pdftex.def)             Requested size: 184.70035pt x 199.16928pt.

Overfull \hbox (9.95232pt too wide) in paragraph at lines 33--42
\T1/ptm/m/n/10.95 data, let's have a look at how the la-bels are dis-tributed. 
kdd_data_10percent['label'].value_counts()
 []


LaTeX Warning: `h' float specifier changed to `ht'.

[30 <./texfiles/images/code1.jpg> <./texfiles/images/code2.jpg>]
LaTeX Font Info:    Trying to load font information for T1+pcr on input line 47
.

("C:\Users\Bipin Kumar Mishr\tapas data\installation\latex\miktex\tex/latex/psn
fss\t1pcr.fd"
File: t1pcr.fd 2001/06/04 font definitions for T1/pcr.
)
Overfull \hbox (81.06572pt too wide) in paragraph at lines 54--54
[]\T1/pcr/m/n/10.95 features_train, features_test, labels_train, labels_test = 
train_test_split([] 
 []


Overfull \hbox (18.13184pt too wide) in paragraph at lines 64--69
\T1/ptm/m/n/10.95 KNearestneighbor can use any of the fol-low-ing al-go-rithms 
``auto``, ``ball_tree``, ``kd_tree``, ``brute``,the
 []

[31 <./texfiles/images/code3.jpg>]
Overfull \hbox (15.3658pt too wide) in paragraph at lines 100--100
[]\T1/pcr/m/n/10.95 precision = precision_score(labels_test, pred, average="wei
ghted")[] 
 []

[32]) [33] (texfiles/conclusion.tex
Chapter 5.
) [34



] (thesis.bbl
LaTeX Font Info:    Trying to load font information for T1+phv on input line 49
.

("C:\Users\Bipin Kumar Mishr\tapas data\installation\latex\miktex\tex/latex/psn
fss\t1phv.fd"
File: t1phv.fd 2001/06/04 scalable font definitions for T1/phv.
)

! LaTeX Error: Variable name ended by end of line..

See the LaTeX manual or LaTeX Companion for explanation.
Type  H <return>  for immediate help.
 ...                                              
                                                  
l.49 ...t is cloud app security? | microsoft docs.
                                                  
Try typing  <return>  to proceed.
If that doesn't work, type  X <return>  to quit.

[35





]
Underfull \hbox (badness 3148) in paragraph at lines 115--119
[]\T1/ptm/m/n/10.95 Daniel Chep-enko.  A den-sity based al-go-rithm for out-lie
r de-tec-tion.  $https : / /
 []


Underfull \hbox (badness 2653) in paragraph at lines 148--152
[]\T1/ptm/m/n/10.95 Amazon.  What is ama-zon cloud watch events.  $https : / / 
docs . aws . amazon . com /
 []

[36]
Underfull \hbox (badness 7012) in paragraph at lines 184--188
[]\T1/ptm/m/n/10.95 Capgemini.  Anomaly de-tec-tion with ma-chine learn-ing pow
-ered by google
 []

) [37] (texfiles/cv.tex) [38



] (thesis.aux)

LaTeX Warning: There were multiply-defined labels.

 ) 
Here is how much of TeX's memory you used:
 9013 strings out of 481556
 138082 string characters out of 2906857
 393797 words of memory out of 3000000
 23954 multiletter control sequences out of 15000+200000
 583905 words of font info for 96 fonts, out of 3000000 for 9000
 1141 hyphenation exceptions out of 8191
 50i,12n,48p,1987b,490s stack positions out of 5000i,500n,10000p,200000b,50000s
{C:/Users/Bipin Kumar Mishr/tapas data/installation/latex/miktex/fonts/enc/dv
ips/base/8r.enc}<C:/Users/Bipin Kumar Mishr/tapas data/installation/latex/mikte
x/fonts/type1/public/amsfonts/cm/cmmi10.pfb><C:/Users/Bipin Kumar Mishr/tapas d
ata/installation/latex/miktex/fonts/type1/public/amsfonts/cm/cmr10.pfb><C:/User
s/Bipin Kumar Mishr/tapas data/installation/latex/miktex/fonts/type1/public/ams
fonts/cm/cmsy10.pfb><C:/Users/Bipin Kumar Mishr/tapas data/installation/latex/m
iktex/fonts/type1/urw/courier/ucrr8a.pfb><C:/Users/Bipin Kumar Mishr/tapas data
/installation/latex/miktex/fonts/type1/urw/helvetic/uhvr8a.pfb><C:/Users/Bipin 
Kumar Mishr/tapas data/installation/latex/miktex/fonts/type1/urw/times/utmb8a.p
fb><C:/Users/Bipin Kumar Mishr/tapas data/installation/latex/miktex/fonts/type1
/urw/times/utmbi8a.pfb><C:/Users/Bipin Kumar Mishr/tapas data/installation/late
x/miktex/fonts/type1/urw/times/utmr8a.pfb><C:/Users/Bipin Kumar Mishr/tapas dat
a/installation/latex/miktex/fonts/type1/urw/times/utmr8a.pfb><C:/Users/Bipin Ku
mar Mishr/tapas data/installation/latex/miktex/fonts/type1/urw/times/utmri8a.pf
b>
Output written on thesis.pdf (50 pages, 1031393 bytes).
PDF statistics:
 229 PDF objects out of 1000 (max. 8388607)
 0 named destinations out of 1000 (max. 500000)
 76 words of extra memory for PDF output out of 10000 (max. 10000000)

